[0.004][INFO]:      ChromeDriver 21.0.1180.4 /home/scott/chromedriver
[0.993][FINE]:      Initializing session with capabilities {
   "browserName": "chrome",
   "chrome.switches": [  ],
   "chromeOptions": {
      "args": [  ],
      "binary": "",
      "extensions": [  ]
   },
   "javascriptEnabled": true,
   "platform": "ANY",
   "version": ""
}

[0.994][INFO]:      Launching chrome: /usr/bin/chromium-browser --disable-hang-monitor --disable-prompt-on-repost --dom-automation --full-memory-crash-report --no-default-browser-check --no-first-run --ignore-certificate-errors --disable-popup-blocking --homepage=about:blank
[1.655][INFO]:      Connected to Chrome successfully. Version: 18.0.1025.168
[1.756][FINE]:      Command received (/session/5d74fb857de1f6a02bbd87595cdbfbca)
[1.756][FINE]:      Command finished (/session/5d74fb857de1f6a02bbd87595cdbfbca) with response {
   "sessionId": "5d74fb857de1f6a02bbd87595cdbfbca",
   "status": 0,
   "value": {
      "acceptSslCerts": false,
      "applicationCacheEnabled": false,
      "browserConnectionEnabled": false,
      "browserName": "chrome",
      "chrome.chromedriverVersion": "21.0.1180.4",
      "chrome.nativeEvents": false,
      "cssSelectorsEnabled": true,
      "databaseEnabled": false,
      "handlesAlerts": true,
      "javascriptEnabled": true,
      "locationContextEnabled": false,
      "nativeEvents": true,
      "platform": "linux",
      "rotatable": false,
      "takesScreenshot": true,
      "version": "18.0.1025.168",
      "webStorageEnabled": true
   }
}

[1.757][FINE]:      Command received (/session/5d74fb857de1f6a02bbd87595cdbfbca/timeouts/implicit_wait) with params {
   "ms": 30000.0,
   "sessionId": "5d74fb857de1f6a02bbd87595cdbfbca"
}

[1.757][FINER]:     Waiting for all views to stop loading...
[1.758][FINER]:     Done waiting for all views to stop loading
[1.758][FINER]:     Waiting for all views to stop loading...
[1.758][FINER]:     Done waiting for all views to stop loading
[1.758][FINE]:      Command finished (/session/5d74fb857de1f6a02bbd87595cdbfbca/timeouts/implicit_wait) with response {
   "sessionId": "5d74fb857de1f6a02bbd87595cdbfbca",
   "status": 0,
   "value": {

   }
}

[1.759][FINE]:      Command received (/session/5d74fb857de1f6a02bbd87595cdbfbca/url) with params {
   "sessionId": "5d74fb857de1f6a02bbd87595cdbfbca",
   "url": "https://ps.gw.lincoln.k12.mi.us/admin/pw.html"
}

[1.759][FINER]:     Waiting for all views to stop loading...
[1.770][FINER]:     Done waiting for all views to stop loading
[2.798][FINER]:     Waiting for all views to stop loading...
[2.798][FINER]:     Done waiting for all views to stop loading
[2.798][FINE]:      Command finished (/session/5d74fb857de1f6a02bbd87595cdbfbca/url) with response {
   "sessionId": "5d74fb857de1f6a02bbd87595cdbfbca",
   "status": 0,
   "value": {

   }
}

[2.799][FINE]:      Command received (/session/5d74fb857de1f6a02bbd87595cdbfbca/element) with params {
   "sessionId": "5d74fb857de1f6a02bbd87595cdbfbca",
   "using": "id",
   "value": "fieldPassword"
}

[2.799][FINER]:     Waiting for all views to stop loading...
[2.802][FINER]:     Done waiting for all views to stop loading
[2.827][FINER]:     Waiting for all views to stop loading...
[2.827][FINER]:     Done waiting for all views to stop loading
[2.827][FINE]:      Command finished (/session/5d74fb857de1f6a02bbd87595cdbfbca/element) with response {
   "sessionId": "5d74fb857de1f6a02bbd87595cdbfbca",
   "status": 0,
   "value": {
      "ELEMENT": ":wdc:1343416503425"
   }
}

[2.828][FINE]:      Command received (/session/5d74fb857de1f6a02bbd87595cdbfbca/element/:wdc:1343416503425/clear) with params {
   "id": ":wdc:1343416503425",
   "sessionId": "5d74fb857de1f6a02bbd87595cdbfbca"
}

[2.828][FINER]:     Waiting for all views to stop loading...
[2.829][FINER]:     Done waiting for all views to stop loading
[2.861][FINER]:     Waiting for all views to stop loading...
[2.861][FINER]:     Done waiting for all views to stop loading
[2.861][FINE]:      Command finished (/session/5d74fb857de1f6a02bbd87595cdbfbca/element/:wdc:1343416503425/clear) with response {
   "sessionId": "5d74fb857de1f6a02bbd87595cdbfbca",
   "status": 0,
   "value": null
}

[2.862][FINE]:      Command received (/session/5d74fb857de1f6a02bbd87595cdbfbca/element) with params {
   "sessionId": "5d74fb857de1f6a02bbd87595cdbfbca",
   "using": "id",
   "value": "fieldPassword"
}

[2.862][FINER]:     Waiting for all views to stop loading...
[2.862][FINER]:     Done waiting for all views to stop loading
[2.867][FINER]:     Waiting for all views to stop loading...
[2.867][FINER]:     Done waiting for all views to stop loading
[2.867][FINE]:      Command finished (/session/5d74fb857de1f6a02bbd87595cdbfbca/element) with response {
   "sessionId": "5d74fb857de1f6a02bbd87595cdbfbca",
   "status": 0,
   "value": {
      "ELEMENT": ":wdc:1343416503425"
   }
}

[2.868][FINE]:      Command received (/session/5d74fb857de1f6a02bbd87595cdbfbca/element/:wdc:1343416503425/value) with params {
   "id": ":wdc:1343416503425",
   "sessionId": "5d74fb857de1f6a02bbd87595cdbfbca",
   "value": [ "o", "r", "w", "i", "g", "s", ";", "A", "L", "i", "t", "t", "l", "e", "2", "C", "l", "o", "s", "e" ]
}

[2.868][FINER]:     Waiting for all views to stop loading...
[2.869][FINER]:     Done waiting for all views to stop loading
[3.028][FINER]:     Waiting for all views to stop loading...
[3.028][FINER]:     Done waiting for all views to stop loading
[3.028][FINE]:      Command finished (/session/5d74fb857de1f6a02bbd87595cdbfbca/element/:wdc:1343416503425/value) with response {
   "sessionId": "5d74fb857de1f6a02bbd87595cdbfbca",
   "status": 0,
   "value": {

   }
}

[3.029][FINE]:      Command received (/session/5d74fb857de1f6a02bbd87595cdbfbca/element) with params {
   "sessionId": "5d74fb857de1f6a02bbd87595cdbfbca",
   "using": "id",
   "value": "btnEnter"
}

[3.029][FINER]:     Waiting for all views to stop loading...
[3.029][FINER]:     Done waiting for all views to stop loading
[3.043][FINER]:     Waiting for all views to stop loading...
[3.043][FINER]:     Done waiting for all views to stop loading
[3.043][FINE]:      Command finished (/session/5d74fb857de1f6a02bbd87595cdbfbca/element) with response {
   "sessionId": "5d74fb857de1f6a02bbd87595cdbfbca",
   "status": 0,
   "value": {
      "ELEMENT": ":wdc:1343416503426"
   }
}

[3.044][FINE]:      Command received (/session/5d74fb857de1f6a02bbd87595cdbfbca/element/:wdc:1343416503426/click) with params {
   "id": ":wdc:1343416503426",
   "sessionId": "5d74fb857de1f6a02bbd87595cdbfbca"
}

[3.044][FINER]:     Waiting for all views to stop loading...
[3.044][FINER]:     Done waiting for all views to stop loading
[3.100][FINER]:     Waiting for all views to stop loading...
[4.903][FINER]:     Done waiting for all views to stop loading
[4.903][FINE]:      Command finished (/session/5d74fb857de1f6a02bbd87595cdbfbca/element/:wdc:1343416503426/click) with response {
   "sessionId": "5d74fb857de1f6a02bbd87595cdbfbca",
   "status": 0,
   "value": {

   }
}

[4.905][FINE]:      Command received (/session/5d74fb857de1f6a02bbd87595cdbfbca/element) with params {
   "sessionId": "5d74fb857de1f6a02bbd87595cdbfbca",
   "using": "id",
   "value": "schoolContext"
}

[4.905][FINER]:     Waiting for all views to stop loading...
[4.906][FINER]:     Done waiting for all views to stop loading
[4.965][FINER]:     Waiting for all views to stop loading...
[4.966][FINER]:     Done waiting for all views to stop loading
[4.966][FINE]:      Command finished (/session/5d74fb857de1f6a02bbd87595cdbfbca/element) with response {
   "sessionId": "5d74fb857de1f6a02bbd87595cdbfbca",
   "status": 0,
   "value": {
      "ELEMENT": ":wdc:1343416505563"
   }
}

[4.967][FINE]:      Command received (/session/5d74fb857de1f6a02bbd87595cdbfbca/element/:wdc:1343416505563/click) with params {
   "id": ":wdc:1343416505563",
   "sessionId": "5d74fb857de1f6a02bbd87595cdbfbca"
}

[4.967][FINER]:     Waiting for all views to stop loading...
[4.967][FINER]:     Done waiting for all views to stop loading
[5.054][FINER]:     Waiting for all views to stop loading...
[5.054][FINER]:     Done waiting for all views to stop loading
[5.054][FINE]:      Command finished (/session/5d74fb857de1f6a02bbd87595cdbfbca/element/:wdc:1343416505563/click) with response {
   "sessionId": "5d74fb857de1f6a02bbd87595cdbfbca",
   "status": 0,
   "value": {

   }
}

[5.055][FINE]:      Command received (/session/5d74fb857de1f6a02bbd87595cdbfbca/element) with params {
   "sessionId": "5d74fb857de1f6a02bbd87595cdbfbca",
   "using": "name",
   "value": "Schoolid"
}

[5.055][FINER]:     Waiting for all views to stop loading...
[5.055][FINER]:     Done waiting for all views to stop loading
[5.169][FINER]:     Waiting for all views to stop loading...
[5.169][FINER]:     Done waiting for all views to stop loading
[5.169][FINE]:      Command finished (/session/5d74fb857de1f6a02bbd87595cdbfbca/element) with response {
   "sessionId": "5d74fb857de1f6a02bbd87595cdbfbca",
   "status": 0,
   "value": {
      "ELEMENT": ":wdc:1343416505564"
   }
}

[5.171][FINE]:      Command received (/session/5d74fb857de1f6a02bbd87595cdbfbca/element/:wdc:1343416505564/name)
[5.171][FINER]:     Waiting for all views to stop loading...
[5.171][FINER]:     Done waiting for all views to stop loading
[5.174][FINER]:     Waiting for all views to stop loading...
[5.174][FINER]:     Done waiting for all views to stop loading
[5.174][FINE]:      Command finished (/session/5d74fb857de1f6a02bbd87595cdbfbca/element/:wdc:1343416505564/name) with response {
   "sessionId": "5d74fb857de1f6a02bbd87595cdbfbca",
   "status": 0,
   "value": "select"
}

[5.175][FINE]:      Command received (/session/5d74fb857de1f6a02bbd87595cdbfbca/element/:wdc:1343416505564/attribute/multiple)
[5.175][FINER]:     Waiting for all views to stop loading...
[5.175][FINER]:     Done waiting for all views to stop loading
[5.205][FINER]:     Waiting for all views to stop loading...
[5.206][FINER]:     Done waiting for all views to stop loading
[5.206][FINE]:      Command finished (/session/5d74fb857de1f6a02bbd87595cdbfbca/element/:wdc:1343416505564/attribute/multiple) with response {
   "sessionId": "5d74fb857de1f6a02bbd87595cdbfbca",
   "status": 0,
   "value": null
}

[5.206][FINE]:      Command received (/session/5d74fb857de1f6a02bbd87595cdbfbca/element/:wdc:1343416505564/elements) with params {
   "id": ":wdc:1343416505564",
   "sessionId": "5d74fb857de1f6a02bbd87595cdbfbca",
   "using": "xpath",
   "value": ".//option[normalize-space(.) = \"District Office\"]"
}

[5.206][FINER]:     Waiting for all views to stop loading...
[5.207][FINER]:     Done waiting for all views to stop loading
[5.221][FINER]:     Waiting for all views to stop loading...
[5.221][FINER]:     Done waiting for all views to stop loading
[5.221][FINE]:      Command finished (/session/5d74fb857de1f6a02bbd87595cdbfbca/element/:wdc:1343416505564/elements) with response {
   "sessionId": "5d74fb857de1f6a02bbd87595cdbfbca",
   "status": 0,
   "value": [ {
      "ELEMENT": ":wdc:1343416505565"
   } ]
}

[5.222][FINE]:      Command received (/session/5d74fb857de1f6a02bbd87595cdbfbca/element/:wdc:1343416505565/selected)
[5.222][FINER]:     Waiting for all views to stop loading...
[5.222][FINER]:     Done waiting for all views to stop loading
[5.251][FINER]:     Waiting for all views to stop loading...
[5.252][FINER]:     Done waiting for all views to stop loading
[5.252][FINE]:      Command finished (/session/5d74fb857de1f6a02bbd87595cdbfbca/element/:wdc:1343416505565/selected) with response {
   "sessionId": "5d74fb857de1f6a02bbd87595cdbfbca",
   "status": 0,
   "value": true
}

[15.263][FINE]:     Command received (/session/5d74fb857de1f6a02bbd87595cdbfbca/element) with params {
   "sessionId": "5d74fb857de1f6a02bbd87595cdbfbca",
   "using": "id",
   "value": "navSetupSystem"
}

[15.263][FINER]:    Waiting for all views to stop loading...
[15.264][FINER]:    Done waiting for all views to stop loading
[15.283][FINER]:    Waiting for all views to stop loading...
[15.283][FINER]:    Done waiting for all views to stop loading
[15.283][FINE]:     Command finished (/session/5d74fb857de1f6a02bbd87595cdbfbca/element) with response {
   "sessionId": "5d74fb857de1f6a02bbd87595cdbfbca",
   "status": 0,
   "value": {
      "ELEMENT": ":wdc:1343416505566"
   }
}

[15.284][FINE]:     Command received (/session/5d74fb857de1f6a02bbd87595cdbfbca/element/:wdc:1343416505566/click) with params {
   "id": ":wdc:1343416505566",
   "sessionId": "5d74fb857de1f6a02bbd87595cdbfbca"
}

[15.284][FINER]:    Waiting for all views to stop loading...
[15.284][FINER]:    Done waiting for all views to stop loading
[15.333][FINER]:    Waiting for all views to stop loading...
[16.069][FINER]:    Done waiting for all views to stop loading
[16.069][FINE]:     Command finished (/session/5d74fb857de1f6a02bbd87595cdbfbca/element/:wdc:1343416505566/click) with response {
   "sessionId": "5d74fb857de1f6a02bbd87595cdbfbca",
   "status": 0,
   "value": {

   }
}

[26.080][FINE]:     Command received (/session/5d74fb857de1f6a02bbd87595cdbfbca/element) with params {
   "sessionId": "5d74fb857de1f6a02bbd87595cdbfbca",
   "using": "link text",
   "value": "Direct Database Export (DDE)"
}

[26.081][FINER]:    Waiting for all views to stop loading...
[26.081][FINER]:    Done waiting for all views to stop loading
[26.116][FINER]:    Waiting for all views to stop loading...
[26.117][FINER]:    Done waiting for all views to stop loading
[26.117][FINE]:     Command finished (/session/5d74fb857de1f6a02bbd87595cdbfbca/element) with response {
   "sessionId": "5d74fb857de1f6a02bbd87595cdbfbca",
   "status": 0,
   "value": {
      "ELEMENT": ":wdc:1343416526714"
   }
}

[26.118][FINE]:     Command received (/session/5d74fb857de1f6a02bbd87595cdbfbca/element/:wdc:1343416526714/click) with params {
   "id": ":wdc:1343416526714",
   "sessionId": "5d74fb857de1f6a02bbd87595cdbfbca"
}

[26.118][FINER]:    Waiting for all views to stop loading...
[26.118][FINER]:    Done waiting for all views to stop loading
[26.162][FINER]:    Waiting for all views to stop loading...
[26.894][FINER]:    Done waiting for all views to stop loading
[26.894][FINE]:     Command finished (/session/5d74fb857de1f6a02bbd87595cdbfbca/element/:wdc:1343416526714/click) with response {
   "sessionId": "5d74fb857de1f6a02bbd87595cdbfbca",
   "status": 0,
   "value": {

   }
}

[26.897][FINE]:     Command received (/session/5d74fb857de1f6a02bbd87595cdbfbca/element) with params {
   "sessionId": "5d74fb857de1f6a02bbd87595cdbfbca",
   "using": "name",
   "value": "filenum"
}

[26.897][FINER]:    Waiting for all views to stop loading...
[26.897][FINER]:    Done waiting for all views to stop loading
[26.956][FINER]:    Waiting for all views to stop loading...
[26.956][FINER]:    Done waiting for all views to stop loading
[26.956][FINE]:     Command finished (/session/5d74fb857de1f6a02bbd87595cdbfbca/element) with response {
   "sessionId": "5d74fb857de1f6a02bbd87595cdbfbca",
   "status": 0,
   "value": {
      "ELEMENT": ":wdc:1343416527554"
   }
}

[26.957][FINE]:     Command received (/session/5d74fb857de1f6a02bbd87595cdbfbca/element/:wdc:1343416527554/name)
[26.957][FINER]:    Waiting for all views to stop loading...
[26.958][FINER]:    Done waiting for all views to stop loading
[26.961][FINER]:    Waiting for all views to stop loading...
[26.961][FINER]:    Done waiting for all views to stop loading
[26.961][FINE]:     Command finished (/session/5d74fb857de1f6a02bbd87595cdbfbca/element/:wdc:1343416527554/name) with response {
   "sessionId": "5d74fb857de1f6a02bbd87595cdbfbca",
   "status": 0,
   "value": "select"
}

[26.962][FINE]:     Command received (/session/5d74fb857de1f6a02bbd87595cdbfbca/element/:wdc:1343416527554/attribute/multiple)
[26.962][FINER]:    Waiting for all views to stop loading...
[26.962][FINER]:    Done waiting for all views to stop loading
[26.992][FINER]:    Waiting for all views to stop loading...
[26.992][FINER]:    Done waiting for all views to stop loading
[26.992][FINE]:     Command finished (/session/5d74fb857de1f6a02bbd87595cdbfbca/element/:wdc:1343416527554/attribute/multiple) with response {
   "sessionId": "5d74fb857de1f6a02bbd87595cdbfbca",
   "status": 0,
   "value": null
}

[26.993][FINE]:     Command received (/session/5d74fb857de1f6a02bbd87595cdbfbca/element/:wdc:1343416527554/elements) with params {
   "id": ":wdc:1343416527554",
   "sessionId": "5d74fb857de1f6a02bbd87595cdbfbca",
   "using": "css selector",
   "value": "option[value =\"111\"]"
}

[26.993][FINER]:    Waiting for all views to stop loading...
[26.993][FINER]:    Done waiting for all views to stop loading
[27.007][FINER]:    Waiting for all views to stop loading...
[27.008][FINER]:    Done waiting for all views to stop loading
[27.008][FINE]:     Command finished (/session/5d74fb857de1f6a02bbd87595cdbfbca/element/:wdc:1343416527554/elements) with response {
   "sessionId": "5d74fb857de1f6a02bbd87595cdbfbca",
   "status": 0,
   "value": [ {
      "ELEMENT": ":wdc:1343416527555"
   } ]
}

[27.009][FINE]:     Command received (/session/5d74fb857de1f6a02bbd87595cdbfbca/element/:wdc:1343416527555/selected)
[27.009][FINER]:    Waiting for all views to stop loading...
[27.009][FINER]:    Done waiting for all views to stop loading
[27.039][FINER]:    Waiting for all views to stop loading...
[27.040][FINER]:    Done waiting for all views to stop loading
[27.040][FINE]:     Command finished (/session/5d74fb857de1f6a02bbd87595cdbfbca/element/:wdc:1343416527555/selected) with response {
   "sessionId": "5d74fb857de1f6a02bbd87595cdbfbca",
   "status": 0,
   "value": false
}

[27.042][FINE]:     Command received (/session/5d74fb857de1f6a02bbd87595cdbfbca/element/:wdc:1343416527555/click) with params {
   "id": ":wdc:1343416527555",
   "sessionId": "5d74fb857de1f6a02bbd87595cdbfbca"
}

[27.042][FINER]:    Waiting for all views to stop loading...
[27.042][FINER]:    Done waiting for all views to stop loading
[27.065][FINER]:    Waiting for all views to stop loading...
[27.065][FINER]:    Done waiting for all views to stop loading
[27.065][FINE]:     Command finished (/session/5d74fb857de1f6a02bbd87595cdbfbca/element/:wdc:1343416527555/click) with response {
   "sessionId": "5d74fb857de1f6a02bbd87595cdbfbca",
   "status": 0,
   "value": {

   }
}

[42.082][FINE]:     Command received (/session/5d74fb857de1f6a02bbd87595cdbfbca/element) with params {
   "sessionId": "5d74fb857de1f6a02bbd87595cdbfbca",
   "using": "name",
   "value": "searchselectall"
}

[42.082][FINER]:    Waiting for all views to stop loading...
[42.082][FINER]:    Done waiting for all views to stop loading
[42.104][FINER]:    Waiting for all views to stop loading...
[42.104][FINER]:    Done waiting for all views to stop loading
[42.104][FINE]:     Command finished (/session/5d74fb857de1f6a02bbd87595cdbfbca/element) with response {
   "sessionId": "5d74fb857de1f6a02bbd87595cdbfbca",
   "status": 0,
   "value": {
      "ELEMENT": ":wdc:1343416542702"
   }
}

[42.105][FINE]:     Command received (/session/5d74fb857de1f6a02bbd87595cdbfbca/element/:wdc:1343416542702/click) with params {
   "id": ":wdc:1343416542702",
   "sessionId": "5d74fb857de1f6a02bbd87595cdbfbca"
}

[42.105][FINER]:    Waiting for all views to stop loading...
[42.105][FINER]:    Done waiting for all views to stop loading
[42.197][FINER]:    Waiting for all views to stop loading...
[51.336][FINER]:    Done waiting for all views to stop loading
[51.336][FINE]:     Command finished (/session/5d74fb857de1f6a02bbd87595cdbfbca/element/:wdc:1343416542702/click) with response {
   "sessionId": "5d74fb857de1f6a02bbd87595cdbfbca",
   "status": 0,
   "value": {

   }
}

[51.337][FINE]:     Command received (/session/5d74fb857de1f6a02bbd87595cdbfbca/element) with params {
   "sessionId": "5d74fb857de1f6a02bbd87595cdbfbca",
   "using": "link text",
   "value": "Export Records"
}

[51.337][FINER]:    Waiting for all views to stop loading...
[51.337][FINER]:    Done waiting for all views to stop loading
[51.412][FINER]:    Waiting for all views to stop loading...
[51.412][FINER]:    Done waiting for all views to stop loading
[51.412][FINE]:     Command finished (/session/5d74fb857de1f6a02bbd87595cdbfbca/element) with response {
   "sessionId": "5d74fb857de1f6a02bbd87595cdbfbca",
   "status": 0,
   "value": {
      "ELEMENT": ":wdc:1343416552010"
   }
}

[51.414][FINE]:     Command received (/session/5d74fb857de1f6a02bbd87595cdbfbca/element/:wdc:1343416552010/click) with params {
   "id": ":wdc:1343416552010",
   "sessionId": "5d74fb857de1f6a02bbd87595cdbfbca"
}

[51.414][FINER]:    Waiting for all views to stop loading...
[51.414][FINER]:    Done waiting for all views to stop loading
[51.470][FINER]:    Waiting for all views to stop loading...
[51.997][FINER]:    Done waiting for all views to stop loading
[51.997][FINE]:     Command finished (/session/5d74fb857de1f6a02bbd87595cdbfbca/element/:wdc:1343416552010/click) with response {
   "sessionId": "5d74fb857de1f6a02bbd87595cdbfbca",
   "status": 0,
   "value": {

   }
}

[51.998][FINE]:     Command received (/session/5d74fb857de1f6a02bbd87595cdbfbca/element) with params {
   "sessionId": "5d74fb857de1f6a02bbd87595cdbfbca",
   "using": "id",
   "value": "tt"
}

[51.998][FINER]:    Waiting for all views to stop loading...
[52.008][FINER]:    Done waiting for all views to stop loading
[52.065][FINER]:    Waiting for all views to stop loading...
[52.066][FINER]:    Done waiting for all views to stop loading
[52.066][FINE]:     Command finished (/session/5d74fb857de1f6a02bbd87595cdbfbca/element) with response {
   "sessionId": "5d74fb857de1f6a02bbd87595cdbfbca",
   "status": 0,
   "value": {
      "ELEMENT": ":wdc:1343416552663"
   }
}

[52.067][FINE]:     Command received (/session/5d74fb857de1f6a02bbd87595cdbfbca/element/:wdc:1343416552663/clear) with params {
   "id": ":wdc:1343416552663",
   "sessionId": "5d74fb857de1f6a02bbd87595cdbfbca"
}

[52.067][FINER]:    Waiting for all views to stop loading...
[52.067][FINER]:    Done waiting for all views to stop loading
[52.116][FINER]:    Waiting for all views to stop loading...
[52.117][FINER]:    Done waiting for all views to stop loading
[52.117][FINE]:     Command finished (/session/5d74fb857de1f6a02bbd87595cdbfbca/element/:wdc:1343416552663/clear) with response {
   "sessionId": "5d74fb857de1f6a02bbd87595cdbfbca",
   "status": 0,
   "value": null
}

[52.118][FINE]:     Command received (/session/5d74fb857de1f6a02bbd87595cdbfbca/element) with params {
   "sessionId": "5d74fb857de1f6a02bbd87595cdbfbca",
   "using": "id",
   "value": "tt"
}

[52.118][FINER]:    Waiting for all views to stop loading...
[52.118][FINER]:    Done waiting for all views to stop loading
[52.126][FINER]:    Waiting for all views to stop loading...
[52.126][FINER]:    Done waiting for all views to stop loading
[52.126][FINE]:     Command finished (/session/5d74fb857de1f6a02bbd87595cdbfbca/element) with response {
   "sessionId": "5d74fb857de1f6a02bbd87595cdbfbca",
   "status": 0,
   "value": {
      "ELEMENT": ":wdc:1343416552663"
   }
}

[52.127][FINE]:     Command received (/session/5d74fb857de1f6a02bbd87595cdbfbca/element/:wdc:1343416552663/value) with params {
   "id": ":wdc:1343416552663",
   "sessionId": "5d74fb857de1f6a02bbd87595cdbfbca",
   "value": [ "B", "i", "t", "m", "a", "p", "\n", "B", "u", "i", "l", "d", "I", "D", "\n", "C", "o", "u", "r", "s", "e", "_", "N", "u", "m", "b", "e", "r", "\n", "D", "a", "t", "e", "E", "n", "r", "o", "l", "l", "e", "d", "\n", "D", "a", "t", "e", "L", "e", "f", "t", "\n", "E", "x", "p", "r", "e", "s", "s", "i", "o", "n", "\n", "I", "D", "\n", "L", "o", "a", "d", "L", "o", "c", "k", "\n", "P", "e", "r", "i", "o", "d", "\n", "S", "c", "h", "o", "o", "l", "I", "D", "\n", "S", "e", "c", "t", "i", "o", "n", "I", "D", "\n", "S", "e", "c", "t", "i", "o", "n", "T", "y", "p", "e", "\n", "S", "e", "c", "t", "i", "o", "n", "_", "N", "u", "m", "b", "e", "r", "\n", "S", "t", "u", "d", "e", "n", "t", "I", "D", "\n", "S", "t", "u", "d", "Y", "e", "a", "r", "\n", "T", "e", "a", "c", "h", "e", "r", "I", "D", "\n", "T", "e", "r", "m", "I", "D" ]
}

[52.128][FINER]:    Waiting for all views to stop loading...
[52.128][FINER]:    Done waiting for all views to stop loading
[52.790][FINER]:    Waiting for all views to stop loading...
[52.791][FINER]:    Done waiting for all views to stop loading
[52.791][FINE]:     Command finished (/session/5d74fb857de1f6a02bbd87595cdbfbca/element/:wdc:1343416552663/value) with response {
   "sessionId": "5d74fb857de1f6a02bbd87595cdbfbca",
   "status": 0,
   "value": {

   }
}

[52.792][FINE]:     Command received (/session/5d74fb857de1f6a02bbd87595cdbfbca/element) with params {
   "sessionId": "5d74fb857de1f6a02bbd87595cdbfbca",
   "using": "name",
   "value": "fielddelim"
}

[52.792][FINER]:    Waiting for all views to stop loading...
[52.792][FINER]:    Done waiting for all views to stop loading
[52.806][FINER]:    Waiting for all views to stop loading...
[52.807][FINER]:    Done waiting for all views to stop loading
[52.807][FINE]:     Command finished (/session/5d74fb857de1f6a02bbd87595cdbfbca/element) with response {
   "sessionId": "5d74fb857de1f6a02bbd87595cdbfbca",
   "status": 0,
   "value": {
      "ELEMENT": ":wdc:1343416552664"
   }
}

[52.807][FINE]:     Command received (/session/5d74fb857de1f6a02bbd87595cdbfbca/element/:wdc:1343416552664/name)
[52.807][FINER]:    Waiting for all views to stop loading...
[52.808][FINER]:    Done waiting for all views to stop loading
[52.810][FINER]:    Waiting for all views to stop loading...
[52.811][FINER]:    Done waiting for all views to stop loading
[52.811][FINE]:     Command finished (/session/5d74fb857de1f6a02bbd87595cdbfbca/element/:wdc:1343416552664/name) with response {
   "sessionId": "5d74fb857de1f6a02bbd87595cdbfbca",
   "status": 0,
   "value": "select"
}

[52.812][FINE]:     Command received (/session/5d74fb857de1f6a02bbd87595cdbfbca/element/:wdc:1343416552664/attribute/multiple)
[52.812][FINER]:    Waiting for all views to stop loading...
[52.812][FINER]:    Done waiting for all views to stop loading
[52.841][FINER]:    Waiting for all views to stop loading...
[52.842][FINER]:    Done waiting for all views to stop loading
[52.842][FINE]:     Command finished (/session/5d74fb857de1f6a02bbd87595cdbfbca/element/:wdc:1343416552664/attribute/multiple) with response {
   "sessionId": "5d74fb857de1f6a02bbd87595cdbfbca",
   "status": 0,
   "value": null
}

[52.843][FINE]:     Command received (/session/5d74fb857de1f6a02bbd87595cdbfbca/element/:wdc:1343416552664/elements) with params {
   "id": ":wdc:1343416552664",
   "sessionId": "5d74fb857de1f6a02bbd87595cdbfbca",
   "using": "xpath",
   "value": ".//option[normalize-space(.) = \"Other:\"]"
}

[52.843][FINER]:    Waiting for all views to stop loading...
[52.843][FINER]:    Done waiting for all views to stop loading
[52.857][FINER]:    Waiting for all views to stop loading...
[52.857][FINER]:    Done waiting for all views to stop loading
[52.857][FINE]:     Command finished (/session/5d74fb857de1f6a02bbd87595cdbfbca/element/:wdc:1343416552664/elements) with response {
   "sessionId": "5d74fb857de1f6a02bbd87595cdbfbca",
   "status": 0,
   "value": [ {
      "ELEMENT": ":wdc:1343416552665"
   } ]
}

[52.858][FINE]:     Command received (/session/5d74fb857de1f6a02bbd87595cdbfbca/element/:wdc:1343416552665/selected)
[52.858][FINER]:    Waiting for all views to stop loading...
[52.858][FINER]:    Done waiting for all views to stop loading
[52.889][FINER]:    Waiting for all views to stop loading...
[52.890][FINER]:    Done waiting for all views to stop loading
[52.890][FINE]:     Command finished (/session/5d74fb857de1f6a02bbd87595cdbfbca/element/:wdc:1343416552665/selected) with response {
   "sessionId": "5d74fb857de1f6a02bbd87595cdbfbca",
   "status": 0,
   "value": false
}

[52.891][FINE]:     Command received (/session/5d74fb857de1f6a02bbd87595cdbfbca/element/:wdc:1343416552665/click) with params {
   "id": ":wdc:1343416552665",
   "sessionId": "5d74fb857de1f6a02bbd87595cdbfbca"
}

[52.891][FINER]:    Waiting for all views to stop loading...
[52.891][FINER]:    Done waiting for all views to stop loading
[52.914][FINER]:    Waiting for all views to stop loading...
[52.914][FINER]:    Done waiting for all views to stop loading
[52.914][FINE]:     Command finished (/session/5d74fb857de1f6a02bbd87595cdbfbca/element/:wdc:1343416552665/click) with response {
   "sessionId": "5d74fb857de1f6a02bbd87595cdbfbca",
   "status": 0,
   "value": {

   }
}

[52.915][FINE]:     Command received (/session/5d74fb857de1f6a02bbd87595cdbfbca/element) with params {
   "sessionId": "5d74fb857de1f6a02bbd87595cdbfbca",
   "using": "name",
   "value": "custfielddelim"
}

[52.915][FINER]:    Waiting for all views to stop loading...
[52.915][FINER]:    Done waiting for all views to stop loading
[52.951][FINER]:    Waiting for all views to stop loading...
[52.951][FINER]:    Done waiting for all views to stop loading
[52.951][FINE]:     Command finished (/session/5d74fb857de1f6a02bbd87595cdbfbca/element) with response {
   "sessionId": "5d74fb857de1f6a02bbd87595cdbfbca",
   "status": 0,
   "value": {
      "ELEMENT": ":wdc:1343416552666"
   }
}

[52.952][FINE]:     Command received (/session/5d74fb857de1f6a02bbd87595cdbfbca/element/:wdc:1343416552666/clear) with params {
   "id": ":wdc:1343416552666",
   "sessionId": "5d74fb857de1f6a02bbd87595cdbfbca"
}

[52.952][FINER]:    Waiting for all views to stop loading...
[52.953][FINER]:    Done waiting for all views to stop loading
[52.987][FINER]:    Waiting for all views to stop loading...
[52.987][FINER]:    Done waiting for all views to stop loading
[52.987][FINE]:     Command finished (/session/5d74fb857de1f6a02bbd87595cdbfbca/element/:wdc:1343416552666/clear) with response {
   "sessionId": "5d74fb857de1f6a02bbd87595cdbfbca",
   "status": 0,
   "value": null
}

[52.988][FINE]:     Command received (/session/5d74fb857de1f6a02bbd87595cdbfbca/element) with params {
   "sessionId": "5d74fb857de1f6a02bbd87595cdbfbca",
   "using": "name",
   "value": "custfielddelim"
}

[52.988][FINER]:    Waiting for all views to stop loading...
[52.988][FINER]:    Done waiting for all views to stop loading
[52.995][FINER]:    Waiting for all views to stop loading...
[52.995][FINER]:    Done waiting for all views to stop loading
[52.995][FINE]:     Command finished (/session/5d74fb857de1f6a02bbd87595cdbfbca/element) with response {
   "sessionId": "5d74fb857de1f6a02bbd87595cdbfbca",
   "status": 0,
   "value": {
      "ELEMENT": ":wdc:1343416552666"
   }
}

[52.996][FINE]:     Command received (/session/5d74fb857de1f6a02bbd87595cdbfbca/element/:wdc:1343416552666/value) with params {
   "id": ":wdc:1343416552666",
   "sessionId": "5d74fb857de1f6a02bbd87595cdbfbca",
   "value": [ "^" ]
}

[52.996][FINER]:    Waiting for all views to stop loading...
[52.996][FINER]:    Done waiting for all views to stop loading
[53.080][FINER]:    Waiting for all views to stop loading...
[53.080][FINER]:    Done waiting for all views to stop loading
[53.080][FINE]:     Command finished (/session/5d74fb857de1f6a02bbd87595cdbfbca/element/:wdc:1343416552666/value) with response {
   "sessionId": "5d74fb857de1f6a02bbd87595cdbfbca",
   "status": 0,
   "value": {

   }
}

[53.081][FINE]:     Command received (/session/5d74fb857de1f6a02bbd87595cdbfbca/element) with params {
   "sessionId": "5d74fb857de1f6a02bbd87595cdbfbca",
   "using": "name",
   "value": "recdelim"
}

[53.081][FINER]:    Waiting for all views to stop loading...
[53.081][FINER]:    Done waiting for all views to stop loading
[53.095][FINER]:    Waiting for all views to stop loading...
[53.095][FINER]:    Done waiting for all views to stop loading
[53.095][FINE]:     Command finished (/session/5d74fb857de1f6a02bbd87595cdbfbca/element) with response {
   "sessionId": "5d74fb857de1f6a02bbd87595cdbfbca",
   "status": 0,
   "value": {
      "ELEMENT": ":wdc:1343416552667"
   }
}

[53.096][FINE]:     Command received (/session/5d74fb857de1f6a02bbd87595cdbfbca/element/:wdc:1343416552667/name)
[53.096][FINER]:    Waiting for all views to stop loading...
[53.097][FINER]:    Done waiting for all views to stop loading
[53.099][FINER]:    Waiting for all views to stop loading...
[53.100][FINER]:    Done waiting for all views to stop loading
[53.100][FINE]:     Command finished (/session/5d74fb857de1f6a02bbd87595cdbfbca/element/:wdc:1343416552667/name) with response {
   "sessionId": "5d74fb857de1f6a02bbd87595cdbfbca",
   "status": 0,
   "value": "select"
}

[53.100][FINE]:     Command received (/session/5d74fb857de1f6a02bbd87595cdbfbca/element/:wdc:1343416552667/attribute/multiple)
[53.100][FINER]:    Waiting for all views to stop loading...
[53.101][FINER]:    Done waiting for all views to stop loading
[53.131][FINER]:    Waiting for all views to stop loading...
[53.131][FINER]:    Done waiting for all views to stop loading
[53.131][FINE]:     Command finished (/session/5d74fb857de1f6a02bbd87595cdbfbca/element/:wdc:1343416552667/attribute/multiple) with response {
   "sessionId": "5d74fb857de1f6a02bbd87595cdbfbca",
   "status": 0,
   "value": null
}

[53.132][FINE]:     Command received (/session/5d74fb857de1f6a02bbd87595cdbfbca/element/:wdc:1343416552667/elements) with params {
   "id": ":wdc:1343416552667",
   "sessionId": "5d74fb857de1f6a02bbd87595cdbfbca",
   "using": "xpath",
   "value": ".//option[normalize-space(.) = \"Other:\"]"
}

[53.132][FINER]:    Waiting for all views to stop loading...
[53.132][FINER]:    Done waiting for all views to stop loading
[53.146][FINER]:    Waiting for all views to stop loading...
[53.146][FINER]:    Done waiting for all views to stop loading
[53.146][FINE]:     Command finished (/session/5d74fb857de1f6a02bbd87595cdbfbca/element/:wdc:1343416552667/elements) with response {
   "sessionId": "5d74fb857de1f6a02bbd87595cdbfbca",
   "status": 0,
   "value": [ {
      "ELEMENT": ":wdc:1343416552668"
   } ]
}

[53.147][FINE]:     Command received (/session/5d74fb857de1f6a02bbd87595cdbfbca/element/:wdc:1343416552668/selected)
[53.147][FINER]:    Waiting for all views to stop loading...
[53.147][FINER]:    Done waiting for all views to stop loading
[53.179][FINER]:    Waiting for all views to stop loading...
[53.179][FINER]:    Done waiting for all views to stop loading
[53.179][FINE]:     Command finished (/session/5d74fb857de1f6a02bbd87595cdbfbca/element/:wdc:1343416552668/selected) with response {
   "sessionId": "5d74fb857de1f6a02bbd87595cdbfbca",
   "status": 0,
   "value": false
}

[53.180][FINE]:     Command received (/session/5d74fb857de1f6a02bbd87595cdbfbca/element/:wdc:1343416552668/click) with params {
   "id": ":wdc:1343416552668",
   "sessionId": "5d74fb857de1f6a02bbd87595cdbfbca"
}

[53.180][FINER]:    Waiting for all views to stop loading...
[53.181][FINER]:    Done waiting for all views to stop loading
[53.203][FINER]:    Waiting for all views to stop loading...
[53.204][FINER]:    Done waiting for all views to stop loading
[53.204][FINE]:     Command finished (/session/5d74fb857de1f6a02bbd87595cdbfbca/element/:wdc:1343416552668/click) with response {
   "sessionId": "5d74fb857de1f6a02bbd87595cdbfbca",
   "status": 0,
   "value": {

   }
}

[53.205][FINE]:     Command received (/session/5d74fb857de1f6a02bbd87595cdbfbca/element) with params {
   "sessionId": "5d74fb857de1f6a02bbd87595cdbfbca",
   "using": "name",
   "value": "custrecdelim"
}

[53.205][FINER]:    Waiting for all views to stop loading...
[53.205][FINER]:    Done waiting for all views to stop loading
[53.238][FINER]:    Waiting for all views to stop loading...
[53.239][FINER]:    Done waiting for all views to stop loading
[53.239][FINE]:     Command finished (/session/5d74fb857de1f6a02bbd87595cdbfbca/element) with response {
   "sessionId": "5d74fb857de1f6a02bbd87595cdbfbca",
   "status": 0,
   "value": {
      "ELEMENT": ":wdc:1343416552669"
   }
}

[53.240][FINE]:     Command received (/session/5d74fb857de1f6a02bbd87595cdbfbca/element/:wdc:1343416552669/clear) with params {
   "id": ":wdc:1343416552669",
   "sessionId": "5d74fb857de1f6a02bbd87595cdbfbca"
}

[53.240][FINER]:    Waiting for all views to stop loading...
[53.240][FINER]:    Done waiting for all views to stop loading
[53.274][FINER]:    Waiting for all views to stop loading...
[53.274][FINER]:    Done waiting for all views to stop loading
[53.274][FINE]:     Command finished (/session/5d74fb857de1f6a02bbd87595cdbfbca/element/:wdc:1343416552669/clear) with response {
   "sessionId": "5d74fb857de1f6a02bbd87595cdbfbca",
   "status": 0,
   "value": null
}

[53.275][FINE]:     Command received (/session/5d74fb857de1f6a02bbd87595cdbfbca/element) with params {
   "sessionId": "5d74fb857de1f6a02bbd87595cdbfbca",
   "using": "name",
   "value": "custrecdelim"
}

[53.275][FINER]:    Waiting for all views to stop loading...
[53.275][FINER]:    Done waiting for all views to stop loading
[53.281][FINER]:    Waiting for all views to stop loading...
[53.282][FINER]:    Done waiting for all views to stop loading
[53.282][FINE]:     Command finished (/session/5d74fb857de1f6a02bbd87595cdbfbca/element) with response {
   "sessionId": "5d74fb857de1f6a02bbd87595cdbfbca",
   "status": 0,
   "value": {
      "ELEMENT": ":wdc:1343416552669"
   }
}

[53.283][FINE]:     Command received (/session/5d74fb857de1f6a02bbd87595cdbfbca/element/:wdc:1343416552669/value) with params {
   "id": ":wdc:1343416552669",
   "sessionId": "5d74fb857de1f6a02bbd87595cdbfbca",
   "value": [ "|" ]
}

[53.283][FINER]:    Waiting for all views to stop loading...
[53.283][FINER]:    Done waiting for all views to stop loading
[53.367][FINER]:    Waiting for all views to stop loading...
[53.367][FINER]:    Done waiting for all views to stop loading
[53.367][FINE]:     Command finished (/session/5d74fb857de1f6a02bbd87595cdbfbca/element/:wdc:1343416552669/value) with response {
   "sessionId": "5d74fb857de1f6a02bbd87595cdbfbca",
   "status": 0,
   "value": {

   }
}

[53.368][FINE]:     Command received (/session/5d74fb857de1f6a02bbd87595cdbfbca/element) with params {
   "sessionId": "5d74fb857de1f6a02bbd87595cdbfbca",
   "using": "id",
   "value": "btnSubmit"
}

[53.368][FINER]:    Waiting for all views to stop loading...
[53.368][FINER]:    Done waiting for all views to stop loading
[53.383][FINER]:    Waiting for all views to stop loading...
[53.384][FINER]:    Done waiting for all views to stop loading
[53.384][FINE]:     Command finished (/session/5d74fb857de1f6a02bbd87595cdbfbca/element) with response {
   "sessionId": "5d74fb857de1f6a02bbd87595cdbfbca",
   "status": 0,
   "value": {
      "ELEMENT": ":wdc:1343416552670"
   }
}

[53.384][FINE]:     Command received (/session/5d74fb857de1f6a02bbd87595cdbfbca/element/:wdc:1343416552670/click) with params {
   "id": ":wdc:1343416552670",
   "sessionId": "5d74fb857de1f6a02bbd87595cdbfbca"
}

[53.384][FINER]:    Waiting for all views to stop loading...
[53.385][FINER]:    Done waiting for all views to stop loading
[53.471][FINER]:    Waiting for all views to stop loading...
[73.501][FINER]:    Done waiting for all views to stop loading
[73.501][FINE]:     Command finished (/session/5d74fb857de1f6a02bbd87595cdbfbca/element/:wdc:1343416552670/click) with response {
   "sessionId": "5d74fb857de1f6a02bbd87595cdbfbca",
   "status": 0,
   "value": {

   }
}

[984.166][FINE]:    Command received (/session/5d74fb857de1f6a02bbd87595cdbfbca)
